2025-10-16 23:44:23,598 INFO o.a.j.u.JMeterUtils: Setting Locale to en_EN
2025-10-16 23:44:23,609 INFO o.a.j.JMeter: Copyright (c) 1998-2024 The Apache Software Foundation
2025-10-16 23:44:23,609 INFO o.a.j.JMeter: Version 5.6.3
2025-10-16 23:44:23,609 INFO o.a.j.JMeter: java.version=1.8.0_461
2025-10-16 23:44:23,609 INFO o.a.j.JMeter: java.vm.name=Java HotSpot(TM) Client VM
2025-10-16 23:44:23,609 INFO o.a.j.JMeter: os.name=Windows 11
2025-10-16 23:44:23,609 INFO o.a.j.JMeter: os.arch=x86
2025-10-16 23:44:23,609 INFO o.a.j.JMeter: os.version=10.0
2025-10-16 23:44:23,609 INFO o.a.j.JMeter: file.encoding=Cp1252
2025-10-16 23:44:23,609 INFO o.a.j.JMeter: java.awt.headless=true
2025-10-16 23:44:23,610 INFO o.a.j.JMeter: Max memory     =1073741824
2025-10-16 23:44:23,610 INFO o.a.j.JMeter: Available Processors =16
2025-10-16 23:44:23,612 INFO o.a.j.JMeter: Default Locale=English (EN)
2025-10-16 23:44:23,612 INFO o.a.j.JMeter: JMeter  Locale=English (EN)
2025-10-16 23:44:23,612 INFO o.a.j.JMeter: JMeterHome=C:\apache-jmeter-5.6.3
2025-10-16 23:44:23,612 INFO o.a.j.JMeter: user.dir  =C:\Users\pioga\Desktop\5. Performance-challenge
2025-10-16 23:44:23,612 INFO o.a.j.JMeter: PWD       =C:\Users\pioga\Desktop\5. Performance-challenge
2025-10-16 23:44:23,613 INFO o.a.j.JMeter: IP: 192.168.1.6 Name: DESKTOP-LGQQ47C FullName: host.docker.internal
2025-10-16 23:44:23,626 INFO o.a.j.s.FileServer: Default base='C:\Users\pioga\Desktop\5. Performance-challenge'
2025-10-16 23:44:23,627 INFO o.a.j.s.FileServer: Set new base='C:\Users\pioga\Desktop\5. Performance-challenge\plan-de-pruebas'
2025-10-16 23:44:23,715 INFO o.a.j.s.SaveService: Testplan (JMX) version: 2.2. Testlog (JTL) version: 2.2
2025-10-16 23:44:23,730 INFO o.a.j.s.SaveService: Using SaveService properties file encoding UTF-8
2025-10-16 23:44:23,736 INFO o.a.j.s.SaveService: Using SaveService properties version 5.0
2025-10-16 23:44:23,740 INFO o.a.j.s.SaveService: Loading file: plan-de-pruebas\main.jmx
2025-10-16 23:44:23,957 INFO o.a.j.e.StandardJMeterEngine: Running the test!
2025-10-16 23:44:23,957 INFO o.a.j.s.SampleEvent: List of sample_variables: []
2025-10-16 23:44:23,958 INFO o.a.j.s.SampleEvent: List of sample_variables: []
2025-10-16 23:44:24,153 INFO o.a.j.r.ClassFinder: Will scan jar C:\apache-jmeter-5.6.3\lib\ext\jmeter-prometheus-plugin-0.6.0.jar with filter ExtendsClassFilter [parents=[interface org.apache.jmeter.functions.Function], inner=false, contains=null, notContains=null]. Consider exposing JMeter plugins via META-INF/services, and add JMeter-Skip-Class-Scanning=true manifest attribute so JMeter can skip classfile scanning
2025-10-16 23:44:24,168 INFO o.a.j.JMeter: Running test (1760669064168)
2025-10-16 23:44:24,185 INFO o.a.j.e.StandardJMeterEngine: Starting ThreadGroup: 1 : TG
2025-10-16 23:44:24,185 INFO o.a.j.e.StandardJMeterEngine: Starting 10 threads for group TG.
2025-10-16 23:44:24,185 INFO o.a.j.e.StandardJMeterEngine: Thread will continue on error
2025-10-16 23:44:24,185 INFO o.a.j.t.ThreadGroup: Starting thread group... number=1 threads=10 ramp-up=10 delayedStart=false
2025-10-16 23:44:24,189 INFO o.a.j.t.JMeterThread: Thread started: TG 1-1
2025-10-16 23:44:24,193 INFO o.a.j.t.ThreadGroup: Started thread group number 1
2025-10-16 23:44:24,193 INFO o.a.j.e.StandardJMeterEngine: All thread groups have been started
2025-10-16 23:44:24,201 INFO o.a.j.p.h.s.HTTPHCAbstractImpl: Local host = DESKTOP-LGQQ47C
2025-10-16 23:44:24,205 INFO o.a.j.p.h.s.HTTPHC4Impl: HTTP request retry count = 0
2025-10-16 23:44:24,207 INFO o.a.j.s.SampleResult: Note: Sample TimeStamps are END times
2025-10-16 23:44:24,207 INFO o.a.j.s.SampleResult: sampleresult.default.encoding is set to UTF-8
2025-10-16 23:44:24,207 INFO o.a.j.s.SampleResult: sampleresult.useNanoTime=true
2025-10-16 23:44:24,207 INFO o.a.j.s.SampleResult: sampleresult.nanoThreadSleep=5000
2025-10-16 23:44:24,296 INFO o.a.j.p.h.s.h.LazyLayeredConnectionSocketFactory: Setting up HTTPS TrustAll Socket Factory
2025-10-16 23:44:24,300 INFO o.a.j.u.JsseSSLManager: Using default SSL protocol: TLS
2025-10-16 23:44:24,300 INFO o.a.j.u.JsseSSLManager: SSL session context: per-thread
2025-10-16 23:44:24,773 INFO o.a.j.u.SSLManager: JmeterKeyStore Location:  type JKS
2025-10-16 23:44:24,774 INFO o.a.j.u.SSLManager: KeyStore created OK
2025-10-16 23:44:24,774 WARN o.a.j.u.SSLManager: Keystore file not found, loading empty keystore
2025-10-16 23:44:25,187 INFO o.a.j.t.JMeterThread: Thread started: TG 1-2
2025-10-16 23:44:26,187 INFO o.a.j.t.JMeterThread: Thread started: TG 1-3
2025-10-16 23:44:27,187 INFO o.a.j.t.JMeterThread: Thread started: TG 1-4
2025-10-16 23:44:28,186 INFO o.a.j.t.JMeterThread: Thread started: TG 1-5
2025-10-16 23:44:29,187 INFO o.a.j.t.JMeterThread: Thread started: TG 1-6
2025-10-16 23:44:30,186 INFO o.a.j.t.JMeterThread: Thread started: TG 1-7
2025-10-16 23:44:31,186 INFO o.a.j.t.JMeterThread: Thread started: TG 1-8
2025-10-16 23:44:32,187 INFO o.a.j.t.JMeterThread: Thread started: TG 1-9
2025-10-16 23:44:32,893 INFO o.a.j.t.JMeterThread: Thread is done: TG 1-2
2025-10-16 23:44:32,893 INFO o.a.j.t.JMeterThread: Thread finished: TG 1-2
2025-10-16 23:44:33,187 INFO o.a.j.t.JMeterThread: Thread started: TG 1-10
2025-10-16 23:44:33,794 INFO o.a.j.t.JMeterThread: Thread is done: TG 1-1
2025-10-16 23:44:33,794 INFO o.a.j.t.JMeterThread: Thread finished: TG 1-1
2025-10-16 23:44:35,098 INFO o.a.j.t.JMeterThread: Thread is done: TG 1-5
2025-10-16 23:44:35,098 INFO o.a.j.t.JMeterThread: Thread finished: TG 1-5
2025-10-16 23:44:35,656 INFO o.a.j.t.JMeterThread: Thread is done: TG 1-3
2025-10-16 23:44:35,656 INFO o.a.j.t.JMeterThread: Thread finished: TG 1-3
2025-10-16 23:44:36,118 INFO o.a.j.t.JMeterThread: Thread is done: TG 1-7
2025-10-16 23:44:36,118 INFO o.a.j.t.JMeterThread: Thread finished: TG 1-7
2025-10-16 23:44:36,208 INFO o.a.j.t.JMeterThread: Thread is done: TG 1-4
2025-10-16 23:44:36,208 INFO o.a.j.t.JMeterThread: Thread finished: TG 1-4
2025-10-16 23:44:36,952 INFO o.a.j.t.JMeterThread: Thread is done: TG 1-6
2025-10-16 23:44:36,952 INFO o.a.j.t.JMeterThread: Thread finished: TG 1-6
2025-10-16 23:44:38,105 INFO o.a.j.t.JMeterThread: Thread is done: TG 1-8
2025-10-16 23:44:38,105 INFO o.a.j.t.JMeterThread: Thread finished: TG 1-8
2025-10-16 23:44:39,562 INFO o.a.j.t.JMeterThread: Thread is done: TG 1-10
2025-10-16 23:44:39,563 INFO o.a.j.t.JMeterThread: Thread finished: TG 1-10
2025-10-16 23:44:40,496 INFO o.a.j.t.JMeterThread: Thread is done: TG 1-9
2025-10-16 23:44:40,496 INFO o.a.j.t.JMeterThread: Thread finished: TG 1-9
2025-10-16 23:44:40,496 INFO o.a.j.e.StandardJMeterEngine: Notifying test listeners of end of test
